Start testing: Apr 27 16:21 Eastern Summer Time
----------------------------------------------------------
Test not available without configuration.  (Missing "-C <config>"?)
1/3 Testing: test_imu
1/3 Test: test_imu
Command: "NOT_AVAILABLE"
Directory: C:/Users/aaraa/Visual-Inertial-SLAM-System-With-GPU-Acceleration/build
"test_imu" start time: 
Output:
----------------------------------------------------------
<end of output>
Test time =   0.00 sec
----------------------------------------------------------
Test Passed.
"test_imu" end time: Apr 27 16:21 Eastern Summer Time
"test_imu" time elapsed: 00:00:00
----------------------------------------------------------

Test not available without configuration.  (Missing "-C <config>"?)
2/3 Testing: test_triangulation
2/3 Test: test_triangulation
Command: "NOT_AVAILABLE"
Directory: C:/Users/aaraa/Visual-Inertial-SLAM-System-With-GPU-Acceleration/build
"test_triangulation" start time: 
Output:
----------------------------------------------------------
<end of output>
Test time =   0.00 sec
----------------------------------------------------------
Test Passed.
"test_triangulation" end time: Apr 27 16:21 Eastern Summer Time
"test_triangulation" time elapsed: 00:00:00
----------------------------------------------------------

Test not available without configuration.  (Missing "-C <config>"?)
3/3 Testing: test_optimizer
3/3 Test: test_optimizer
Command: "NOT_AVAILABLE"
Directory: C:/Users/aaraa/Visual-Inertial-SLAM-System-With-GPU-Acceleration/build
"test_optimizer" start time: 
Output:
----------------------------------------------------------
<end of output>
Test time =   0.00 sec
----------------------------------------------------------
Test Passed.
"test_optimizer" end time: Apr 27 16:21 Eastern Summer Time
"test_optimizer" time elapsed: 00:00:00
----------------------------------------------------------

End testing: Apr 27 16:21 Eastern Summer Time
